[INFO ] 2023-04-07 16:05:19.975 [main] LoggerLoad - Broswer is opened
[INFO ] 2023-04-07 16:05:19.980 [main] LoggerLoad - Verified that the user landed on Home Page.
[INFO ] 2023-04-07 16:05:19.980 [main] LoggerLoad - Goto Main Canvas Started
[INFO ] 2023-04-07 16:05:42.582 [main] LoggerLoad - Main Canvas Landed Successful
[INFO ] 2023-04-07 16:05:42.599 [main] LoggerLoad - Drawing on the Canvas using a Free Hand Pen Tool
[INFO ] 2023-04-07 16:06:02.233 [main] LoggerLoad - Click and Type tools is selected from WRITE Tab
[ERROR] 2023-04-07 16:06:14.006 [main] LoggerLoad - Canvas is in theText Text Mode
[INFO ] 2023-04-07 16:06:14.048 [main] LoggerLoad - Applying Grid on the Canvas 
[INFO ] 2023-04-07 16:06:23.548 [main] LoggerLoad - Applying Grid on the Canvas 
[INFO ] 2023-04-07 16:06:36.415 [main] LoggerLoad - Uploading a picture on the Canvas 
[INFO ] 2023-04-07 16:06:58.994 [main] LoggerLoad - File Upload Success
[INFO ] 2023-04-07 16:07:02.386 [main] LoggerLoad - Placing a shape triangle on the Canvas 
[INFO ] 2023-04-07 16:07:09.422 [main] LoggerLoad - Shape Triangle Success
[INFO ] 2023-04-07 16:07:09.450 [main] LoggerLoad - Placing a shape Circle on the Canvas 
[INFO ] 2023-04-07 16:07:16.142 [main] LoggerLoad - Shape Circle Success
[INFO ] 2023-04-07 16:07:16.188 [main] LoggerLoad - Placing a shape Polygon on the Canvas 
[INFO ] 2023-04-07 16:07:23.080 [main] LoggerLoad - Shape Polygon Success
[INFO ] 2023-04-07 16:07:23.108 [main] LoggerLoad - Erase the Object drawn started
[INFO ] 2023-04-07 16:07:41.587 [main] LoggerLoad - Broswer is opened
[INFO ] 2023-04-07 16:07:41.587 [main] LoggerLoad - Verified that the user landed on Home Page.
[INFO ] 2023-04-07 16:07:41.588 [main] LoggerLoad - Goto Main Canvas Started
[INFO ] 2023-04-07 16:08:04.046 [main] LoggerLoad - Main Canvas Landed Successful
[INFO ] 2023-04-07 16:08:04.047 [main] LoggerLoad - Instuctor Lesson Started
[INFO ] 2023-04-07 16:08:07.425 [main] LoggerLoad - Shape Polygon Success
[INFO ] 2023-04-07 16:08:14.786 [main] LoggerLoad - Shape Triangle Success
[INFO ] 2023-04-07 16:08:14.786 [main] LoggerLoad - Instuctor Lesson Success
[INFO ] 2023-04-07 16:08:14.788 [main] LoggerLoad - StudentDemo Started
[INFO ] 2023-04-07 16:08:44.668 [main] LoggerLoad - StudentDemo Success
[INFO ] 2023-04-07 16:08:44.670 [main] LoggerLoad - MyBoard Download Started
[INFO ] 2023-04-07 16:08:56.063 [main] LoggerLoad - MyBoardDownload Success
[INFO ] 2023-04-07 16:08:56.065 [main] LoggerLoad - Upload a file Started
[INFO ] 2023-04-07 16:09:20.377 [main] LoggerLoad - File Upload Success
[INFO ] 2023-04-07 16:09:23.767 [main] LoggerLoad - Undo Redo Zoom Started
[INFO ] 2023-04-07 16:10:02.417 [main] LoggerLoad - UNDO REDO ZOOM Success
[INFO ] 2023-04-07 16:10:02.425 [main] LoggerLoad - LanguageChange Started
[INFO ] 2023-04-07 16:10:09.417 [main] LoggerLoad - LanguageChange Success
[INFO ] 2023-04-07 16:10:09.423 [main] LoggerLoad - Colour_PenThickness Started
[INFO ] 2023-04-07 16:10:41.292 [main] LoggerLoad - Colour_PenThickness Success
[INFO ] 2023-04-07 16:10:47.023 [main] LoggerLoad - Broswer is opened
[INFO ] 2023-04-07 16:10:47.024 [main] LoggerLoad - Verified that the user landed on Home Page.
[INFO ] 2023-04-07 16:10:47.024 [main] LoggerLoad - Goto Main Canvas Started
[INFO ] 2023-04-07 16:11:09.498 [main] LoggerLoad - Main Canvas Landed Successful
[INFO ] 2023-04-07 16:11:09.522 [main] LoggerLoad - Gizmos Started
[INFO ] 2023-04-07 16:11:32.705 [main] LoggerLoad - GizmosTool Success
[INFO ] 2023-04-07 16:11:32.707 [main] LoggerLoad - YouTube widgets Started
[INFO ] 2023-04-07 16:12:08.994 [main] LoggerLoad - YouTube widgets success
[INFO ] 2023-04-07 16:12:15.211 [main] LoggerLoad - Broswer is opened
[INFO ] 2023-04-07 16:12:15.211 [main] LoggerLoad - Verified that the user landed on Home Page.
[INFO ] 2023-04-07 16:12:15.211 [main] LoggerLoad - Goto Main Canvas Started
[INFO ] 2023-04-07 16:12:37.788 [main] LoggerLoad - Main Canvas Landed Successful
